[08:05:00] [ServerMain/INFO]: Environment: Environment[sessionHost=https://sessionserver.mojang.com, servicesHost=https://api.minecraftservices.com, profilesHost=https://api.mojang.com, name=PROD]
[08:05:02] [ServerMain/INFO]: Loaded 1461 recipes
[08:05:02] [ServerMain/INFO]: Loaded 1574 advancements
[08:05:02] [Server thread/INFO]: Starting minecraft server version 1.21.10
[08:05:02] [Server thread/INFO]: Loading properties
[08:05:02] [Server thread/INFO]: Default game type: SURVIVAL
[08:05:02] [Server thread/INFO]: Generating keypair
[08:05:02] [Server thread/INFO]: Starting Minecraft server on *:25565
[08:05:02] [Server thread/INFO]: Using epoll channel type
[08:05:02] [Server thread/WARN]: **** SERVER IS RUNNING IN OFFLINE/INSECURE MODE!
[08:05:02] [Server thread/WARN]: The server will make no attempt to authenticate usernames. Beware.
[08:05:02] [Server thread/WARN]: While this makes the game possible to play without internet access, it also opens up the ability for hackers to connect with any username they choose.
[08:05:02] [Server thread/WARN]: To change this, set "online-mode" to "true" in the server.properties file.
[08:05:02] [Server thread/INFO]: Preparing level "world"
[08:05:02] [Server thread/INFO]: Loading 0 persistent chunks...
[08:05:02] [Server thread/INFO]: Preparing spawn area: 100%
[08:05:02] [Server thread/INFO]: Time elapsed: 14 ms
[08:05:02] [Server thread/INFO]: Done (0.396s)! For help, type "help"
[08:05:35] [Server thread/INFO]: Vodruk9029[/127.203.8.208:43461] logged in with entity id 133 at (359.96367158169255, 53.0, -513.3515738675873)
[08:05:35] [Server thread/INFO]: Vodruk9029 joined the game
[08:06:12] [Server thread/INFO]: [Vodruk9029: Successfully filled 5543 block(s)]
[08:06:20] [Server thread/INFO]: [Vodruk9029: Successfully filled 5544 block(s)]
[08:06:35] [Server thread/INFO]: [Vodruk9029: Successfully filled 5775 block(s)]
[08:06:43] [Server thread/INFO]: [Vodruk9029: Successfully filled 5775 block(s)]
[08:06:55] [Server thread/INFO]: [Vodruk9029: Successfully filled 5808 block(s)]
[08:07:05] [Server thread/INFO]: [Vodruk9029: Successfully filled 231 block(s)]
[08:09:22] [Server thread/INFO]: [Vodruk9029: Successfully filled 91 block(s)]
[08:09:44] [Server thread/INFO]: [Vodruk9029: Successfully filled 451 block(s)]
[08:10:05] [Server thread/INFO]: [Vodruk9029: Successfully filled 383 block(s)]
[08:11:34] [Server thread/INFO]: [Vodruk9029: Successfully filled 451 block(s)]
[08:12:30] [Server thread/INFO]: [Vodruk9029: Successfully filled 317 block(s)]
[08:49:38] [Server thread/INFO]: [Vodruk9029: Set own game mode to Survival Mode]
[08:50:31] [Server thread/INFO]: [Vodruk9029: Set own game mode to Creative Mode]
[08:57:46] [Server thread/INFO]: [Vodruk9029: Set own game mode to Survival Mode]
[09:02:21] [Server thread/INFO]: [Vodruk9029: Set own game mode to Creative Mode]
[09:02:39] [Server thread/INFO]: [Vodruk9029: Gave 64 [Bottle o' Enchanting] to Vodruk9029]
[09:02:43] [Server thread/INFO]: [Vodruk9029: Set own game mode to Survival Mode]
[09:03:13] [Server thread/INFO]: [Vodruk9029: Gave 128 [Bottle o' Enchanting] to Vodruk9029]
[09:03:53] [Server thread/INFO]: [Vodruk9029: Gave 128 [Bottle o' Enchanting] to Vodruk9029]
